<?xml version="1.0" encoding="UTF-8"?>
<testsuite xmlns:xsi="http://www.w3.org/2001/XMLSchema-instance" xsi:noNamespaceSchemaLocation="https://maven.apache.org/surefire/maven-surefire-plugin/xsd/surefire-test-report-3.0.xsd" version="3.0" name="nus.iss.oracletestspringbe.OracletestspringbeApplicationTests" time="3.723" tests="1" errors="0" skipped="0" failures="0">
  <properties>
[...]
</properties>
  <testcase name="contextLoads" classname="nus.iss.oracletestspringbe.OracletestspringbeApplicationTests" time="0.884">
    <system-out><![CDATA[18:49:00.429 [main] INFO org.springframework.test.context.support.AnnotationConfigContextLoaderUtils -- Could not detect default configuration classes for test class [nus.iss.oracletestspringbe.OracletestspringbeApplicationTests]: OracletestspringbeApplicationTests does not declare any static, non-private, non-final, nested classes annotated with @Configuration.
18:49:00.551 [main] INFO org.springframework.boot.test.context.SpringBootTestContextBootstrapper -- Found @SpringBootConfiguration nus.iss.oracletestspringbe.OracletestspringbeApplication for test class nus.iss.oracletestspringbe.OracletestspringbeApplicationTests

  .   ____          _            __ _ _
 /\\ / ___'_ __ _ _(_)_ __  __ _ \ \ \ \
( ( )\___ | '_ | '_| | '_ \/ _` | \ \ \ \
 \\/  ___)| |_)| | | | | || (_| |  ) ) ) )
  '  |____| .__|_| |_|_| |_\__, | / / / /
 =========|_|==============|___/=/_/_/_/
 :: Spring Boot ::                (v3.1.1)

2023-07-02T18:49:01.017+08:00  INFO 27476 --- [           main] n.i.o.OracletestspringbeApplicationTests : Starting OracletestspringbeApplicationTests using Java 17.0.7 with PID 27476 (started by Shysun Qin in C:\Users\Shysun Qin\Desktop\Dropwizard\oracletestspringbe)
2023-07-02T18:49:01.019+08:00  INFO 27476 --- [           main] n.i.o.OracletestspringbeApplicationTests : No active profile set, falling back to 1 default profile: "default"
2023-07-02T18:49:02.870+08:00  WARN 27476 --- [           main] ion$DefaultTemplateResolverConfiguration : Cannot find template location: classpath:/templates/ (please add some templates, check your Thymeleaf configuration, or set spring.thymeleaf.check-template-location=false)
2023-07-02T18:49:03.087+08:00  INFO 27476 --- [           main] n.i.o.OracletestspringbeApplicationTests : Started OracletestspringbeApplicationTests in 2.358 seconds (process running for 3.354)
]]></system-out>
  </testcase>
</testsuite>